<?xml version="1.0" encoding="UTF-8"?>
<Site BuildName="(empty)"
	BuildStamp="20210519-1920-Continuous"
	Name="(empty)"
	Generator="ctest-3.20.2"
	CompilerName=""
	CompilerVersion=""
	OSName="Windows"
	Hostname="DESKTOP-ELJELC3"
	OSRelease=" Professional"
	OSVersion=" (Build 19042)"
	OSPlatform="AMD64"
	Is64Bits="1"
	VendorString="GenuineIntel"
	VendorID="Intel Corporation"
	FamilyID="6"
	ModelID="10"
	ProcessorCacheSize="-1"
	NumberOfLogicalCPU="8"
	NumberOfPhysicalCPU="4"
	TotalVirtualMemory="19182"
	TotalPhysicalMemory="12270"
	LogicalProcessorsPerPhysical="2"
	ProcessorClockFrequency="3392"
	>
	<Testing>
		<StartDateTime>May 19 21:20 Paris, Madrid (heure d?[NON-UTF-8-BYTE-0xE9]t[NON-UTF-8-BYTE-0xE9])</StartDateTime>
		<StartTestTime>1621452006</StartTestTime>
		<TestList/>
		<EndDateTime>May 19 21:20 Paris, Madrid (heure d?[NON-UTF-8-BYTE-0xE9]t[NON-UTF-8-BYTE-0xE9])</EndDateTime>
		<EndTestTime>1621452006</EndTestTime>
		<ElapsedMinutes>0</ElapsedMinutes>
	</Testing>
</Site>
